  DisplayManager.cpp
  EntityRenderer.cpp
C:\Users\RohitMuneshwar\Documents\IBM\RTR\projects\learn_opengl\OpenGL_On_Windows\native\1.GettingStarted\CGameEngine\CGameEngine\EntityRenderer.cpp(46,20): warning C4018:  '<': signed/unsigned mismatch
C:\Users\RohitMuneshwar\Documents\IBM\RTR\projects\learn_opengl\OpenGL_On_Windows\native\1.GettingStarted\CGameEngine\CGameEngine\EntityRenderer.cpp(76,20): warning C4018:  '<': signed/unsigned mismatch
  EntityShaderProgram.cpp
  Loader.cpp
  Main.cpp
  MathUtils.cpp
  OpenGLRenderer.cpp
C:\Users\RohitMuneshwar\Documents\IBM\RTR\projects\learn_opengl\OpenGL_On_Windows\native\1.GettingStarted\CGameEngine\CGameEngine\EntityRenderer.cpp(90,20): warning C4018:  '<': signed/unsigned mismatch
  ShaderProgram.cpp
  ShaderUtils.cpp
  SunRenderer.cpp
C:\Users\RohitMuneshwar\Documents\IBM\RTR\projects\learn_opengl\OpenGL_On_Windows\native\1.GettingStarted\CGameEngine\CGameEngine\OpenGLRenderer.cpp(58,51): warning C4244:  '=': conversion from 'uint64_t' to 'long', possible loss of data
  SunShaderProgram.cpp
  Generating Code...
C:\Users\RohitMuneshwar\Documents\IBM\RTR\projects\learn_opengl\OpenGL_On_Windows\native\1.GettingStarted\CGameEngine\CGameEngine\SunRenderer.cpp(55,20): warning C4018:  '<': signed/unsigned mismatch
LINK : warning LNK4098: defaultlib 'LIBCMT' conflicts with use of other libs; use /NODEFAULTLIB:library
glew32s.lib(glew.obj) : warning LNK4099: PDB '' was not found with 'glew32s.lib(glew.obj)' or at ''; linking object as if no debug info
  CGameEngine.vcxproj -> C:\Users\RohitMuneshwar\Documents\IBM\RTR\projects\learn_opengl\OpenGL_On_Windows\native\1.GettingStarted\CGameEngine\Debug\CGameEngine.exe
