c:\users\rohitmuneshwar\documents\ibm\rtr\projects\learn_opengl\opengl_on_windows\native\1.gettingstarted\cgameengine\cgameengine\debug\vc142.pdb
c:\users\rohitmuneshwar\documents\ibm\rtr\projects\learn_opengl\opengl_on_windows\native\1.gettingstarted\cgameengine\cgameengine\debug\vc142.idb
c:\users\rohitmuneshwar\documents\ibm\rtr\projects\learn_opengl\opengl_on_windows\native\1.gettingstarted\cgameengine\cgameengine\debug\shaderutils.obj
c:\users\rohitmuneshwar\documents\ibm\rtr\projects\learn_opengl\opengl_on_windows\native\1.gettingstarted\cgameengine\cgameengine\debug\shaderprogram.obj
c:\users\rohitmuneshwar\documents\ibm\rtr\projects\learn_opengl\opengl_on_windows\native\1.gettingstarted\cgameengine\cgameengine\debug\openglstatechanger.obj
c:\users\rohitmuneshwar\documents\ibm\rtr\projects\learn_opengl\opengl_on_windows\native\1.gettingstarted\cgameengine\cgameengine\debug\openglrenderer.obj
c:\users\rohitmuneshwar\documents\ibm\rtr\projects\learn_opengl\opengl_on_windows\native\1.gettingstarted\cgameengine\cgameengine\debug\models.obj
c:\users\rohitmuneshwar\documents\ibm\rtr\projects\learn_opengl\opengl_on_windows\native\1.gettingstarted\cgameengine\cgameengine\debug\main.obj
c:\users\rohitmuneshwar\documents\ibm\rtr\projects\learn_opengl\opengl_on_windows\native\1.gettingstarted\cgameengine\cgameengine\debug\loader.obj
c:\users\rohitmuneshwar\documents\ibm\rtr\projects\learn_opengl\opengl_on_windows\native\1.gettingstarted\cgameengine\cgameengine\debug\gameutils.obj
c:\users\rohitmuneshwar\documents\ibm\rtr\projects\learn_opengl\opengl_on_windows\native\1.gettingstarted\cgameengine\cgameengine\debug\displaymanager.obj
c:\users\rohitmuneshwar\documents\ibm\rtr\projects\learn_opengl\opengl_on_windows\native\1.gettingstarted\cgameengine\debug\cgameengine.ilk
c:\users\rohitmuneshwar\documents\ibm\rtr\projects\learn_opengl\opengl_on_windows\native\1.gettingstarted\cgameengine\debug\cgameengine.exe
c:\users\rohitmuneshwar\documents\ibm\rtr\projects\learn_opengl\opengl_on_windows\native\1.gettingstarted\cgameengine\debug\cgameengine.pdb
c:\users\rohitmuneshwar\documents\ibm\rtr\projects\learn_opengl\opengl_on_windows\native\1.gettingstarted\cgameengine\cgameengine\debug\cgameengine.res
c:\users\rohitmuneshwar\documents\ibm\rtr\projects\learn_opengl\opengl_on_windows\native\1.gettingstarted\cgameengine\cgameengine\debug\cgameengine.tlog\cl.command.1.tlog
c:\users\rohitmuneshwar\documents\ibm\rtr\projects\learn_opengl\opengl_on_windows\native\1.gettingstarted\cgameengine\cgameengine\debug\cgameengine.tlog\cl.read.1.tlog
c:\users\rohitmuneshwar\documents\ibm\rtr\projects\learn_opengl\opengl_on_windows\native\1.gettingstarted\cgameengine\cgameengine\debug\cgameengine.tlog\cl.write.1.tlog
c:\users\rohitmuneshwar\documents\ibm\rtr\projects\learn_opengl\opengl_on_windows\native\1.gettingstarted\cgameengine\cgameengine\debug\cgameengine.tlog\link.command.1.tlog
c:\users\rohitmuneshwar\documents\ibm\rtr\projects\learn_opengl\opengl_on_windows\native\1.gettingstarted\cgameengine\cgameengine\debug\cgameengine.tlog\link.read.1.tlog
c:\users\rohitmuneshwar\documents\ibm\rtr\projects\learn_opengl\opengl_on_windows\native\1.gettingstarted\cgameengine\cgameengine\debug\cgameengine.tlog\link.write.1.tlog
c:\users\rohitmuneshwar\documents\ibm\rtr\projects\learn_opengl\opengl_on_windows\native\1.gettingstarted\cgameengine\cgameengine\debug\cgameengine.tlog\rc.command.1.tlog
c:\users\rohitmuneshwar\documents\ibm\rtr\projects\learn_opengl\opengl_on_windows\native\1.gettingstarted\cgameengine\cgameengine\debug\cgameengine.tlog\rc.read.1.tlog
c:\users\rohitmuneshwar\documents\ibm\rtr\projects\learn_opengl\opengl_on_windows\native\1.gettingstarted\cgameengine\cgameengine\debug\cgameengine.tlog\rc.write.1.tlog
